[START] task_id:829d9311578aab72fe793fffcb6ba723 mission:caller pid:48605
[DRIVER] task_id:829d9311578aab72fe793fffcb6ba723 mission:caller pid:48605
[ERROR] task_id:829d9311578aab72fe793fffcb6ba723 pid:48605
SUCCESS
[START!] task_id:7f27f18c5e274fdea6f2c6ac064f67ae mission:TEST pid:49036
[DRIVER] task_id:7f27f18c5e274fdea6f2c6ac064f67ae mission:TEST pid:49036
[ERROR!] task_id:7f27f18c5e274fdea6f2c6ac064f67ae pid:49036
SUCCESS
[START!] task_id:2f0b545e6371431806dc172e5dba92e8 mission:TEST pid:49045
[DRIVER] task_id:2f0b545e6371431806dc172e5dba92e8 mission:TEST pid:49045
[ERROR!] task_id:2f0b545e6371431806dc172e5dba92e8 pid:49045
SUCCESS
[START!] task_id:77ac17496ecb17064f61c807ee9b14f8 mission:TEST pid:49103
[DRIVER] task_id:77ac17496ecb17064f61c807ee9b14f8 mission:TEST pid:49103
[ERROR!] task_id:77ac17496ecb17064f61c807ee9b14f8 pid:49103
SUCCESS
[START!] task_id:79002f9db616359e40ca9d19ef5e2a5b mission:TEST pid:49163
[DRIVER] task_id:79002f9db616359e40ca9d19ef5e2a5b mission:TEST pid:49163
[SUCCESS] task_id:79002f9db616359e40ca9d19ef5e2a5b mission:TEST pid:49163
[START!] task_id:ba7e5bb66d44aac21847161aa368bd49 mission:TEST pid:49274
[DRIVER] task_id:ba7e5bb66d44aac21847161aa368bd49 mission:TEST pid:49274
[SUCCESS] task_id:ba7e5bb66d44aac21847161aa368bd49 mission:TEST pid:49274
[START!] task_id:344573625682796ec17d8c0ad1f00d11 mission:TEST pid:49280
[DRIVER] task_id:344573625682796ec17d8c0ad1f00d11 mission:TEST pid:49280
[SUCCESS] task_id:344573625682796ec17d8c0ad1f00d11 mission:TEST pid:49280
[START!] task_id:ebb9f6f18dcb1b0d775184eda6958486 mission:TEST pid:49285
[DRIVER] task_id:ebb9f6f18dcb1b0d775184eda6958486 mission:TEST pid:49285
[SUCCESS] task_id:ebb9f6f18dcb1b0d775184eda6958486 mission:TEST pid:49285
[START!] task_id:dfeaac2a6a6869cbc5f9ad5b11a4ea80 mission:TEST pid:49291
[DRIVER] task_id:dfeaac2a6a6869cbc5f9ad5b11a4ea80 mission:TEST pid:49291
[SUCCESS] task_id:dfeaac2a6a6869cbc5f9ad5b11a4ea80 mission:TEST pid:49291
[START!] task_id:376f36de545cdba04fc06452ffeadc6d mission:TEST pid:49294
[DRIVER] task_id:376f36de545cdba04fc06452ffeadc6d mission:TEST pid:49294
[SUCCESS] task_id:376f36de545cdba04fc06452ffeadc6d mission:TEST pid:49294
[START!] task_id:799766083762d9234623d584b63eacc8 mission:TEST pid:49299
[DRIVER] task_id:799766083762d9234623d584b63eacc8 mission:TEST pid:49299
[SUCCESS] task_id:799766083762d9234623d584b63eacc8 mission:TEST pid:49299
