Initializing scraper controller ...
NODE COUNTS: 1
Connect to MongoDB 127.0.0.1 27017
Starting scheduler...
NODE COUNTS: 1
RUNNING MISSIONS:0
NODE STATUS :
============NODE 0============
  id: d91a944b-7aef-4e87-9895-8ffebe66ae8e
  session_count: 0/1
  status: UP
QUEUING TASK COUNTS: 0
NODE COUNTS: 1
RUNNING MISSIONS:0
NODE STATUS :
============NODE 0============
  id: d91a944b-7aef-4e87-9895-8ffebe66ae8e
  session_count: 0/1
  status: UP
QUEUING TASK COUNTS: 0
NODE COUNTS: 1
RUNNING MISSIONS:0
NODE STATUS :
============NODE 0============
  id: d91a944b-7aef-4e87-9895-8ffebe66ae8e
  session_count: 0/1
  status: UP
QUEUING TASK COUNTS: 0
NODE COUNTS: 1
RUNNING MISSIONS:0
NODE STATUS :
============NODE 0============
  id: d91a944b-7aef-4e87-9895-8ffebe66ae8e
  session_count: 0/1
  status: UP
QUEUING TASK COUNTS: 0
NODE COUNTS: 1
RUNNING MISSIONS:0
NODE STATUS :
============NODE 0============
  id: d91a944b-7aef-4e87-9895-8ffebe66ae8e
  session_count: 0/1
  status: UP
QUEUING TASK COUNTS: 0
NODE COUNTS: 1
RUNNING MISSIONS:0
NODE STATUS :
============NODE 0============
  id: d91a944b-7aef-4e87-9895-8ffebe66ae8e
  session_count: 0/1
  status: UP
QUEUING TASK COUNTS: 0
NODE COUNTS: 1
RUNNING MISSIONS:0
NODE STATUS :
============NODE 0============
  id: d91a944b-7aef-4e87-9895-8ffebe66ae8e
  session_count: 0/1
  status: UP
QUEUING TASK COUNTS: 0
NODE COUNTS: 1
RUNNING MISSIONS:0
NODE STATUS :
============NODE 0============
  id: d91a944b-7aef-4e87-9895-8ffebe66ae8e
  session_count: 0/1
  status: UP
QUEUING TASK COUNTS: 0
NODE COUNTS: 1
RUNNING MISSIONS:0
NODE STATUS :
============NODE 0============
  id: d91a944b-7aef-4e87-9895-8ffebe66ae8e
  session_count: 0/1
  status: UP
QUEUING TASK COUNTS: 0
NODE COUNTS: 1
RUNNING MISSIONS:0
NODE STATUS :
============NODE 0============
  id: d91a944b-7aef-4e87-9895-8ffebe66ae8e
  session_count: 0/1
  status: UP
QUEUING TASK COUNTS: 0
NODE COUNTS: 1
RUNNING MISSIONS:0
NODE STATUS :
============NODE 0============
  id: d91a944b-7aef-4e87-9895-8ffebe66ae8e
  session_count: 0/1
  status: UP
QUEUING TASK COUNTS: 0
NODE COUNTS: 1
RUNNING MISSIONS:0
NODE STATUS :
============NODE 0============
  id: d91a944b-7aef-4e87-9895-8ffebe66ae8e
  session_count: 0/1
  status: UP
QUEUING TASK COUNTS: 0
NODE COUNTS: 1
RUNNING MISSIONS:0
NODE STATUS :
============NODE 0============
  id: d91a944b-7aef-4e87-9895-8ffebe66ae8e
  session_count: 0/1
  status: UP
QUEUING TASK COUNTS: 0
NODE COUNTS: 1
RUNNING MISSIONS:0
NODE STATUS :
============NODE 0============
  id: d91a944b-7aef-4e87-9895-8ffebe66ae8e
  session_count: 0/1
  status: UP
QUEUING TASK COUNTS: 0
NODE COUNTS: 1
RUNNING MISSIONS:0
NODE STATUS :
============NODE 0============
  id: d91a944b-7aef-4e87-9895-8ffebe66ae8e
  session_count: 0/1
  status: UP
QUEUING TASK COUNTS: 0
Initializing scraper controller ...
Connect to MongoDB 127.0.0.1 27017
Starting scheduler...
NODE COUNTS: 1
RUNNING MISSIONS:0
NODE STATUS :
============NODE 0============
  id: d91a944b-7aef-4e87-9895-8ffebe66ae8e
  session_count: 0/1
  status: UP
QUEUING TASK COUNTS: 0
NODE COUNTS: 1
RUNNING MISSIONS:0
NODE STATUS :
============NODE 0============
  id: d91a944b-7aef-4e87-9895-8ffebe66ae8e
  session_count: 0/1
  status: UP
QUEUING TASK COUNTS: 0
NODE COUNTS: 1
RUNNING MISSIONS:0
NODE STATUS :
============NODE 0============
  id: d91a944b-7aef-4e87-9895-8ffebe66ae8e
  session_count: 0/1
  status: UP
QUEUING TASK COUNTS: 1
NODE COUNTS: 1
RUNNING MISSIONS:0
NODE STATUS :
============NODE 0============
  id: d91a944b-7aef-4e87-9895-8ffebe66ae8e
  session_count: 1/1
  status: UP
QUEUING TASK COUNTS: 0
NODE COUNTS: 1
RUNNING MISSIONS:0
NODE STATUS :
============NODE 0============
  id: d91a944b-7aef-4e87-9895-8ffebe66ae8e
  session_count: 0/1
  status: UP
QUEUING TASK COUNTS: 0
NODE COUNTS: 1
RUNNING MISSIONS:0
NODE STATUS :
============NODE 0============
  id: d91a944b-7aef-4e87-9895-8ffebe66ae8e
  session_count: 0/1
  status: UP
QUEUING TASK COUNTS: 0
NODE COUNTS: 1
RUNNING MISSIONS:0
NODE STATUS :
============NODE 0============
  id: d91a944b-7aef-4e87-9895-8ffebe66ae8e
  session_count: 0/1
  status: UP
QUEUING TASK COUNTS: 0
Initializing scraper controller ...
Connect to MongoDB 127.0.0.1 27017
Starting scheduler...
NODE COUNTS: 1
RUNNING MISSIONS:0
NODE STATUS :
============NODE 0============
  id: d91a944b-7aef-4e87-9895-8ffebe66ae8e
  session_count: 0/1
  status: UP
QUEUING TASK COUNTS: 0
NODE COUNTS: 1
RUNNING MISSIONS:0
NODE STATUS :
============NODE 0============
  id: d91a944b-7aef-4e87-9895-8ffebe66ae8e
  session_count: 0/1
  status: UP
QUEUING TASK COUNTS: 1
NODE COUNTS: 1
RUNNING MISSIONS:0
NODE STATUS :
============NODE 0============
  id: d91a944b-7aef-4e87-9895-8ffebe66ae8e
  session_count: 1/1
  status: UP
QUEUING TASK COUNTS: 0
NODE COUNTS: 1
RUNNING MISSIONS:0
NODE STATUS :
============NODE 0============
  id: d91a944b-7aef-4e87-9895-8ffebe66ae8e
  session_count: 0/1
  status: UP
QUEUING TASK COUNTS: 0
NODE COUNTS: 1
RUNNING MISSIONS:0
NODE STATUS :
============NODE 0============
  id: d91a944b-7aef-4e87-9895-8ffebe66ae8e
  session_count: 0/1
  status: UP
QUEUING TASK COUNTS: 0
NODE COUNTS: 1
RUNNING MISSIONS:0
NODE STATUS :
============NODE 0============
  id: d91a944b-7aef-4e87-9895-8ffebe66ae8e
  session_count: 0/1
  status: UP
QUEUING TASK COUNTS: 0
NODE COUNTS: 1
RUNNING MISSIONS:0
NODE STATUS :
============NODE 0============
  id: d91a944b-7aef-4e87-9895-8ffebe66ae8e
  session_count: 0/1
  status: UP
QUEUING TASK COUNTS: 0
NODE COUNTS: 1
RUNNING MISSIONS:0
NODE STATUS :
============NODE 0============
  id: d91a944b-7aef-4e87-9895-8ffebe66ae8e
  session_count: 0/1
  status: UP
QUEUING TASK COUNTS: 0
NODE COUNTS: 1
RUNNING MISSIONS:0
NODE STATUS :
============NODE 0============
  id: d91a944b-7aef-4e87-9895-8ffebe66ae8e
  session_count: 0/1
  status: UP
QUEUING TASK COUNTS: 0
NODE COUNTS: 1
RUNNING MISSIONS:0
NODE STATUS :
============NODE 0============
  id: d91a944b-7aef-4e87-9895-8ffebe66ae8e
  session_count: 0/1
  status: UP
QUEUING TASK COUNTS: 0
NODE COUNTS: 1
RUNNING MISSIONS:0
NODE STATUS :
============NODE 0============
  id: d91a944b-7aef-4e87-9895-8ffebe66ae8e
  session_count: 0/1
  status: UP
QUEUING TASK COUNTS: 0
NODE COUNTS: 1
RUNNING MISSIONS:0
NODE STATUS :
============NODE 0============
  id: d91a944b-7aef-4e87-9895-8ffebe66ae8e
  session_count: 0/1
  status: UP
QUEUING TASK COUNTS: 1
NODE COUNTS: 1
RUNNING MISSIONS:0
NODE STATUS :
============NODE 0============
  id: d91a944b-7aef-4e87-9895-8ffebe66ae8e
  session_count: 1/1
  status: UP
QUEUING TASK COUNTS: 0
NODE COUNTS: 1
RUNNING MISSIONS:0
NODE STATUS :
============NODE 0============
  id: d91a944b-7aef-4e87-9895-8ffebe66ae8e
  session_count: 0/1
  status: UP
QUEUING TASK COUNTS: 0
NODE COUNTS: 1
RUNNING MISSIONS:0
NODE STATUS :
============NODE 0============
  id: d91a944b-7aef-4e87-9895-8ffebe66ae8e
  session_count: 0/1
  status: UP
QUEUING TASK COUNTS: 0
NODE COUNTS: 1
RUNNING MISSIONS:0
NODE STATUS :
============NODE 0============
  id: d91a944b-7aef-4e87-9895-8ffebe66ae8e
  session_count: 0/1
  status: UP
QUEUING TASK COUNTS: 0
NODE COUNTS: 1
RUNNING MISSIONS:0
NODE STATUS :
============NODE 0============
  id: d91a944b-7aef-4e87-9895-8ffebe66ae8e
  session_count: 0/1
  status: UP
QUEUING TASK COUNTS: 0
NODE COUNTS: 1
RUNNING MISSIONS:0
NODE STATUS :
============NODE 0============
  id: d91a944b-7aef-4e87-9895-8ffebe66ae8e
  session_count: 0/1
  status: UP
QUEUING TASK COUNTS: 0
NODE COUNTS: 1
RUNNING MISSIONS:0
NODE STATUS :
============NODE 0============
  id: d91a944b-7aef-4e87-9895-8ffebe66ae8e
  session_count: 0/1
  status: UP
QUEUING TASK COUNTS: 0
NODE COUNTS: 1
RUNNING MISSIONS:0
NODE STATUS :
============NODE 0============
  id: d91a944b-7aef-4e87-9895-8ffebe66ae8e
  session_count: 0/1
  status: UP
QUEUING TASK COUNTS: 0
NODE COUNTS: 1
RUNNING MISSIONS:0
NODE STATUS :
============NODE 0============
  id: d91a944b-7aef-4e87-9895-8ffebe66ae8e
  session_count: 0/1
  status: UP
QUEUING TASK COUNTS: 0
NODE COUNTS: 1
RUNNING MISSIONS:0
NODE STATUS :
============NODE 0============
  id: d91a944b-7aef-4e87-9895-8ffebe66ae8e
  session_count: 0/1
  status: UP
QUEUING TASK COUNTS: 0
NODE COUNTS: 1
RUNNING MISSIONS:0
NODE STATUS :
============NODE 0============
  id: d91a944b-7aef-4e87-9895-8ffebe66ae8e
  session_count: 0/1
  status: UP
QUEUING TASK COUNTS: 0
NODE COUNTS: 1
RUNNING MISSIONS:0
NODE STATUS :
============NODE 0============
  id: d91a944b-7aef-4e87-9895-8ffebe66ae8e
  session_count: 0/1
  status: UP
QUEUING TASK COUNTS: 0
NODE COUNTS: 1
RUNNING MISSIONS:0
NODE STATUS :
============NODE 0============
  id: d91a944b-7aef-4e87-9895-8ffebe66ae8e
  session_count: 0/1
  status: UP
QUEUING TASK COUNTS: 0
Initializing scraper controller ...
Connect to MongoDB 127.0.0.1 27017
Starting scheduler...
NODE COUNTS: 1
RUNNING MISSIONS:0
NODE STATUS :
============NODE 0============
  id: d91a944b-7aef-4e87-9895-8ffebe66ae8e
  session_count: 0/1
  status: UP
QUEUING TASK COUNTS: 1
NODE COUNTS: 1
RUNNING MISSIONS:0
NODE STATUS :
============NODE 0============
  id: d91a944b-7aef-4e87-9895-8ffebe66ae8e
  session_count: 1/1
  status: UP
QUEUING TASK COUNTS: 0
NODE COUNTS: 1
RUNNING MISSIONS:0
NODE STATUS :
============NODE 0============
  id: d91a944b-7aef-4e87-9895-8ffebe66ae8e
  session_count: 0/1
  status: UP
QUEUING TASK COUNTS: 0
NODE COUNTS: 1
RUNNING MISSIONS:0
NODE STATUS :
============NODE 0============
  id: d91a944b-7aef-4e87-9895-8ffebe66ae8e
  session_count: 0/1
  status: UP
QUEUING TASK COUNTS: 0
NODE COUNTS: 1
RUNNING MISSIONS:0
NODE STATUS :
============NODE 0============
  id: d91a944b-7aef-4e87-9895-8ffebe66ae8e
  session_count: 0/1
  status: UP
QUEUING TASK COUNTS: 0
NODE COUNTS: 1
RUNNING MISSIONS:0
NODE STATUS :
============NODE 0============
  id: d91a944b-7aef-4e87-9895-8ffebe66ae8e
  session_count: 0/1
  status: UP
QUEUING TASK COUNTS: 0
NODE COUNTS: 1
RUNNING MISSIONS:0
NODE STATUS :
============NODE 0============
  id: d91a944b-7aef-4e87-9895-8ffebe66ae8e
  session_count: 0/1
  status: UP
QUEUING TASK COUNTS: 0
NODE COUNTS: 1
RUNNING MISSIONS:0
NODE STATUS :
============NODE 0============
  id: d91a944b-7aef-4e87-9895-8ffebe66ae8e
  session_count: 0/1
  status: UP
QUEUING TASK COUNTS: 0
NODE COUNTS: 1
RUNNING MISSIONS:0
NODE STATUS :
============NODE 0============
  id: d91a944b-7aef-4e87-9895-8ffebe66ae8e
  session_count: 0/1
  status: UP
QUEUING TASK COUNTS: 0
NODE COUNTS: 1
RUNNING MISSIONS:0
NODE STATUS :
============NODE 0============
  id: d91a944b-7aef-4e87-9895-8ffebe66ae8e
  session_count: 0/1
  status: UP
QUEUING TASK COUNTS: 0
NODE COUNTS: 1
RUNNING MISSIONS:0
NODE STATUS :
============NODE 0============
  id: d91a944b-7aef-4e87-9895-8ffebe66ae8e
  session_count: 0/1
  status: UP
QUEUING TASK COUNTS: 0
NODE COUNTS: 1
RUNNING MISSIONS:0
NODE STATUS :
============NODE 0============
  id: d91a944b-7aef-4e87-9895-8ffebe66ae8e
  session_count: 0/1
  status: UP
QUEUING TASK COUNTS: 0
Initializing scraper controller ...
Connect to MongoDB 127.0.0.1 27017
Starting scheduler...
NODE COUNTS: 1
RUNNING MISSIONS:0
NODE STATUS :
============NODE 0============
  id: d91a944b-7aef-4e87-9895-8ffebe66ae8e
  session_count: 0/1
  status: UP
QUEUING TASK COUNTS: 1
NODE COUNTS: 1
RUNNING MISSIONS:0
NODE STATUS :
============NODE 0============
  id: d91a944b-7aef-4e87-9895-8ffebe66ae8e
  session_count: 1/1
  status: UP
QUEUING TASK COUNTS: 0
NODE COUNTS: 1
RUNNING MISSIONS:0
NODE STATUS :
============NODE 0============
  id: d91a944b-7aef-4e87-9895-8ffebe66ae8e
  session_count: 0/1
  status: UP
QUEUING TASK COUNTS: 0
NODE COUNTS: 1
RUNNING MISSIONS:0
NODE STATUS :
============NODE 0============
  id: d91a944b-7aef-4e87-9895-8ffebe66ae8e
  session_count: 0/1
  status: UP
QUEUING TASK COUNTS: 0
NODE COUNTS: 1
RUNNING MISSIONS:0
NODE STATUS :
============NODE 0============
  id: d91a944b-7aef-4e87-9895-8ffebe66ae8e
  session_count: 0/1
  status: UP
QUEUING TASK COUNTS: 0
NODE COUNTS: 1
RUNNING MISSIONS:0
NODE STATUS :
============NODE 0============
  id: d91a944b-7aef-4e87-9895-8ffebe66ae8e
  session_count: 0/1
  status: UP
QUEUING TASK COUNTS: 0
NODE COUNTS: 1
RUNNING MISSIONS:0
NODE STATUS :
============NODE 0============
  id: d91a944b-7aef-4e87-9895-8ffebe66ae8e
  session_count: 0/1
  status: UP
QUEUING TASK COUNTS: 0
NODE COUNTS: 1
RUNNING MISSIONS:0
NODE STATUS :
============NODE 0============
  id: d91a944b-7aef-4e87-9895-8ffebe66ae8e
  session_count: 0/1
  status: UP
QUEUING TASK COUNTS: 0
NODE COUNTS: 1
RUNNING MISSIONS:0
NODE STATUS :
============NODE 0============
  id: d91a944b-7aef-4e87-9895-8ffebe66ae8e
  session_count: 0/1
  status: UP
QUEUING TASK COUNTS: 0
NODE COUNTS: 1
RUNNING MISSIONS:0
NODE STATUS :
============NODE 0============
  id: d91a944b-7aef-4e87-9895-8ffebe66ae8e
  session_count: 0/1
  status: UP
QUEUING TASK COUNTS: 0
NODE COUNTS: 1
RUNNING MISSIONS:0
NODE STATUS :
============NODE 0============
  id: d91a944b-7aef-4e87-9895-8ffebe66ae8e
  session_count: 0/1
  status: UP
QUEUING TASK COUNTS: 0
NODE COUNTS: 1
RUNNING MISSIONS:0
NODE STATUS :
============NODE 0============
  id: d91a944b-7aef-4e87-9895-8ffebe66ae8e
  session_count: 0/1
  status: UP
QUEUING TASK COUNTS: 0
NODE COUNTS: 1
RUNNING MISSIONS:0
NODE STATUS :
============NODE 0============
  id: d91a944b-7aef-4e87-9895-8ffebe66ae8e
  session_count: 0/1
  status: UP
QUEUING TASK COUNTS: 0
NODE COUNTS: 1
RUNNING MISSIONS:0
NODE STATUS :
============NODE 0============
  id: d91a944b-7aef-4e87-9895-8ffebe66ae8e
  session_count: 0/1
  status: UP
QUEUING TASK COUNTS: 0
NODE COUNTS: 1
RUNNING MISSIONS:0
NODE STATUS :
============NODE 0============
  id: d91a944b-7aef-4e87-9895-8ffebe66ae8e
  session_count: 0/1
  status: UP
QUEUING TASK COUNTS: 0
NODE COUNTS: 1
RUNNING MISSIONS:0
NODE STATUS :
============NODE 0============
  id: d91a944b-7aef-4e87-9895-8ffebe66ae8e
  session_count: 0/1
  status: UP
QUEUING TASK COUNTS: 0
NODE COUNTS: 1
RUNNING MISSIONS:0
NODE STATUS :
============NODE 0============
  id: d91a944b-7aef-4e87-9895-8ffebe66ae8e
  session_count: 0/1
  status: UP
QUEUING TASK COUNTS: 0
NODE COUNTS: 1
RUNNING MISSIONS:0
NODE STATUS :
============NODE 0============
  id: d91a944b-7aef-4e87-9895-8ffebe66ae8e
  session_count: 0/1
  status: UP
QUEUING TASK COUNTS: 0
NODE COUNTS: 1
RUNNING MISSIONS:0
NODE STATUS :
============NODE 0============
  id: d91a944b-7aef-4e87-9895-8ffebe66ae8e
  session_count: 0/1
  status: UP
QUEUING TASK COUNTS: 0
NODE COUNTS: 1
RUNNING MISSIONS:0
NODE STATUS :
============NODE 0============
  id: d91a944b-7aef-4e87-9895-8ffebe66ae8e
  session_count: 0/1
  status: UP
QUEUING TASK COUNTS: 0
NODE COUNTS: 1
RUNNING MISSIONS:0
NODE STATUS :
============NODE 0============
  id: d91a944b-7aef-4e87-9895-8ffebe66ae8e
  session_count: 0/1
  status: UP
QUEUING TASK COUNTS: 0
NODE COUNTS: 1
RUNNING MISSIONS:0
NODE STATUS :
============NODE 0============
  id: d91a944b-7aef-4e87-9895-8ffebe66ae8e
  session_count: 0/1
  status: UP
QUEUING TASK COUNTS: 0
NODE COUNTS: 1
RUNNING MISSIONS:0
NODE STATUS :
============NODE 0============
  id: d91a944b-7aef-4e87-9895-8ffebe66ae8e
  session_count: 0/1
  status: UP
QUEUING TASK COUNTS: 0
NODE COUNTS: 1
RUNNING MISSIONS:0
NODE STATUS :
============NODE 0============
  id: d91a944b-7aef-4e87-9895-8ffebe66ae8e
  session_count: 0/1
  status: UP
QUEUING TASK COUNTS: 0
NODE COUNTS: 1
RUNNING MISSIONS:0
NODE STATUS :
============NODE 0============
  id: d91a944b-7aef-4e87-9895-8ffebe66ae8e
  session_count: 0/1
  status: UP
QUEUING TASK COUNTS: 0
NODE COUNTS: 1
RUNNING MISSIONS:0
NODE STATUS :
============NODE 0============
  id: d91a944b-7aef-4e87-9895-8ffebe66ae8e
  session_count: 0/1
  status: UP
QUEUING TASK COUNTS: 0
NODE COUNTS: 1
RUNNING MISSIONS:0
NODE STATUS :
============NODE 0============
  id: d91a944b-7aef-4e87-9895-8ffebe66ae8e
  session_count: 0/1
  status: UP
QUEUING TASK COUNTS: 0
NODE COUNTS: 1
RUNNING MISSIONS:0
NODE STATUS :
============NODE 0============
  id: d91a944b-7aef-4e87-9895-8ffebe66ae8e
  session_count: 0/1
  status: UP
QUEUING TASK COUNTS: 1
NODE COUNTS: 1
RUNNING MISSIONS:0
NODE STATUS :
============NODE 0============
  id: d91a944b-7aef-4e87-9895-8ffebe66ae8e
  session_count: 1/1
  status: UP
QUEUING TASK COUNTS: 0
NODE COUNTS: 1
RUNNING MISSIONS:0
NODE STATUS :
============NODE 0============
  id: d91a944b-7aef-4e87-9895-8ffebe66ae8e
  session_count: 0/1
  status: UP
QUEUING TASK COUNTS: 5
NODE COUNTS: 1
RUNNING MISSIONS:0
NODE STATUS :
============NODE 0============
  id: d91a944b-7aef-4e87-9895-8ffebe66ae8e
  session_count: 1/1
  status: UP
QUEUING TASK COUNTS: 4
NODE COUNTS: 1
RUNNING MISSIONS:0
NODE STATUS :
============NODE 0============
  id: d91a944b-7aef-4e87-9895-8ffebe66ae8e
  session_count: 0/1
  status: UP
QUEUING TASK COUNTS: 4
NODE COUNTS: 1
RUNNING MISSIONS:0
NODE STATUS :
============NODE 0============
  id: d91a944b-7aef-4e87-9895-8ffebe66ae8e
  session_count: 1/1
  status: UP
QUEUING TASK COUNTS: 3
NODE COUNTS: 1
RUNNING MISSIONS:0
NODE STATUS :
============NODE 0============
  id: d91a944b-7aef-4e87-9895-8ffebe66ae8e
  session_count: 0/1
  status: UP
QUEUING TASK COUNTS: 3
NODE COUNTS: 1
RUNNING MISSIONS:0
NODE STATUS :
============NODE 0============
  id: d91a944b-7aef-4e87-9895-8ffebe66ae8e
  session_count: 1/1
  status: UP
QUEUING TASK COUNTS: 2
NODE COUNTS: 1
RUNNING MISSIONS:0
NODE STATUS :
============NODE 0============
  id: d91a944b-7aef-4e87-9895-8ffebe66ae8e
  session_count: 0/1
  status: UP
QUEUING TASK COUNTS: 2
NODE COUNTS: 1
RUNNING MISSIONS:0
NODE STATUS :
============NODE 0============
  id: d91a944b-7aef-4e87-9895-8ffebe66ae8e
  session_count: 1/1
  status: UP
QUEUING TASK COUNTS: 1
NODE COUNTS: 1
RUNNING MISSIONS:0
NODE STATUS :
============NODE 0============
  id: d91a944b-7aef-4e87-9895-8ffebe66ae8e
  session_count: 0/1
  status: UP
QUEUING TASK COUNTS: 1
NODE COUNTS: 1
RUNNING MISSIONS:0
NODE STATUS :
============NODE 0============
  id: d91a944b-7aef-4e87-9895-8ffebe66ae8e
  session_count: 1/1
  status: UP
QUEUING TASK COUNTS: 0
NODE COUNTS: 1
RUNNING MISSIONS:0
NODE STATUS :
============NODE 0============
  id: d91a944b-7aef-4e87-9895-8ffebe66ae8e
  session_count: 0/1
  status: UP
QUEUING TASK COUNTS: 0
